Using pre-set license
Built from '2020.3/staging' branch; Version is '2020.3.33f1 (915a7af8b0d5) revision 9525882'; Using compiler version '192528614'; Build Type 'Release'
OS: 'Windows 10  (10.0.19044) 64bit Professional' Language: 'zh' Physical Memory: 32706 MB
BatchMode: 1, IsHumanControllingUs: 0, StartBugReporterOnCrash: 0, Is64bit: 1, IsPro: 0

COMMAND LINE ARGUMENTS:
C:\Program Files\Unity\Hub\Editor\2020.3.33f1\Editor\Unity.exe
-adb2
-batchMode
-noUpm
-name
AssetImportWorker0
-projectPath
C:/Github/assetbundle_study/demo
-logFile
Logs/AssetImportWorker0.log
-srvPort
59467
Successfully changed project path to: C:/Github/assetbundle_study/demo
C:/Github/assetbundle_study/demo
Using Asset Import Pipeline V2.
Refreshing native plugins compatible for Editor in 34.07 ms, found 2 plugins.
Preloading 0 native plugins for Editor in 0.00 ms.
Initialize engine version: 2020.3.33f1 (915a7af8b0d5)
[Subsystems] Discovering subsystems at path C:/Program Files/Unity/Hub/Editor/2020.3.33f1/Editor/Data/Resources/UnitySubsystems
[Subsystems] Discovering subsystems at path C:/Github/assetbundle_study/demo/Assets
GfxDevice: creating device client; threaded=0
Direct3D:
    Version:  Direct3D 11.0 [level 11.1]
    Renderer: NVIDIA GeForce GTX 1660 SUPER (ID=0x21c4)
    Vendor:   
    VRAM:     5992 MB
    Driver:   31.0.15.1694
Initialize mono
Mono path[0] = 'C:/Program Files/Unity/Hub/Editor/2020.3.33f1/Editor/Data/Managed'
Mono path[1] = 'C:/Program Files/Unity/Hub/Editor/2020.3.33f1/Editor/Data/MonoBleedingEdge/lib/mono/unityjit'
Mono config path = 'C:/Program Files/Unity/Hub/Editor/2020.3.33f1/Editor/Data/MonoBleedingEdge/etc'
Using monoOptions --debugger-agent=transport=dt_socket,embedding=1,server=y,suspend=n,address=127.0.0.1:56100
Begin MonoManager ReloadAssembly
Registering precompiled unity dll's ...
Register platform support module: C:/Program Files/Unity/Hub/Editor/2020.3.33f1/Editor/Data/PlaybackEngines/WindowsStandaloneSupport/UnityEditor.WindowsStandalone.Extensions.dll
Registered in 0.001864 seconds.
Native extension for WindowsStandalone target not found
Refreshing native plugins compatible for Editor in 33.73 ms, found 2 plugins.
Preloading 0 native plugins for Editor in 0.00 ms.
Mono: successfully reloaded assembly
- Completed reload, in  0.574 seconds
Domain Reload Profiling:
	ReloadAssembly (574ms)
		BeginReloadAssembly (63ms)
			ExecutionOrderSort (0ms)
			DisableScriptedObjects (0ms)
			BackupInstance (0ms)
			ReleaseScriptingObjects (0ms)
			CreateAndSetChildDomain (1ms)
		EndReloadAssembly (438ms)
			LoadAssemblies (61ms)
			RebuildTransferFunctionScriptingTraits (0ms)
			SetupTypeCache (148ms)
			ReleaseScriptCaches (0ms)
			RebuildScriptCaches (33ms)
			SetupLoadedEditorAssemblies (156ms)
				LogAssemblyErrors (0ms)
				InitializePlatformSupportModulesInManaged (5ms)
				SetLoadedEditorAssemblies (0ms)
				RefreshPlugins (34ms)
				BeforeProcessingInitializeOnLoad (12ms)
				ProcessInitializeOnLoadAttributes (79ms)
				ProcessInitializeOnLoadMethodAttributes (25ms)
				AfterProcessingInitializeOnLoad (0ms)
				EditorAssembliesLoaded (0ms)
			ExecutionOrderSort2 (0ms)
			AwakeInstancesAfterBackupRestoration (0ms)
Platform modules already initialized, skipping
Registering precompiled user dll's ...
Registered in 0.002686 seconds.
Begin MonoManager ReloadAssembly
Symbol file LoadedFromMemory doesn't match image C:\Github\assetbundle_study\demo\Library\PackageCache\com.unity.collab-proxy@1.15.15\Lib\Editor\PlasticSCM\unityplastic.dll
Native extension for WindowsStandalone target not found
Refreshing native plugins compatible for Editor in 0.34 ms, found 2 plugins.
Preloading 0 native plugins for Editor in 0.00 ms.
Mono: successfully reloaded assembly
- Completed reload, in  0.983 seconds
Domain Reload Profiling:
	ReloadAssembly (984ms)
		BeginReloadAssembly (146ms)
			ExecutionOrderSort (0ms)
			DisableScriptedObjects (5ms)
			BackupInstance (0ms)
			ReleaseScriptingObjects (0ms)
			CreateAndSetChildDomain (18ms)
		EndReloadAssembly (779ms)
			LoadAssemblies (94ms)
			RebuildTransferFunctionScriptingTraits (0ms)
			SetupTypeCache (255ms)
			ReleaseScriptCaches (0ms)
			RebuildScriptCaches (49ms)
			SetupLoadedEditorAssemblies (302ms)
				LogAssemblyErrors (0ms)
				InitializePlatformSupportModulesInManaged (5ms)
				SetLoadedEditorAssemblies (0ms)
				RefreshPlugins (0ms)
				BeforeProcessingInitializeOnLoad (95ms)
				ProcessInitializeOnLoadAttributes (184ms)
				ProcessInitializeOnLoadMethodAttributes (10ms)
				AfterProcessingInitializeOnLoad (6ms)
				EditorAssembliesLoaded (0ms)
			ExecutionOrderSort2 (0ms)
			AwakeInstancesAfterBackupRestoration (5ms)
Platform modules already initialized, skipping
========================================================================
Worker process is ready to serve import requests
Launched and connected shader compiler UnityShaderCompiler.exe after 0.05 seconds
Refreshing native plugins compatible for Editor in 0.32 ms, found 2 plugins.
Preloading 0 native plugins for Editor in 0.00 ms.
Unloading 1847 Unused Serialized files (Serialized files now loaded: 0)
System memory in use before: 80.8 MB.
System memory in use after: 80.9 MB.

Unloading 16 unused Assets to reduce memory usage. Loaded Objects now: 2283.
Total: 2.746500 ms (FindLiveObjects: 0.160000 ms CreateObjectMapping: 0.074300 ms MarkObjects: 2.458500 ms  DeleteObjects: 0.052600 ms)

AssetImportParameters requested are different than current active one (requested -> active):
  custom:framework-win-MediaFoundation: 216162199b28c13a410421893ffa2e32 -> 
  custom:video-decoder-ogg-theora: a1e56fd34408186e4bbccfd4996cb3dc -> 
  custom:container-muxer-webm: aa71ff27fc2769a1b78a27578f13a17b -> 
  custom:container-demuxer-webm: 4f35f7cbe854078d1ac9338744f61a02 -> 
  custom:container-demuxer-ogg: 62fdf1f143b41e24485cea50d1cbac27 -> 
  custom:video-encoder-webm-vp8: eb34c28f22e8b96e1ab97ce403110664 -> 
  custom:video-decoder-webm-vp8: 9c59270c3fd7afecdb556c50c9e8de78 -> 
  custom:audio-decoder-ogg-vorbis: bf7c407c2cedff20999df2af8eb42d56 -> 
  custom:audio-encoder-webm-vorbis: bf7c407c2cedff20999df2af8eb42d56 -> 
========================================================================
Received Import Request.
  path: Assets/Scenes/SampleScene.unity
  artifactKey: Guid(9fc0d4010bbf28b4594072e72b8655ab) Importer(815301076,1909f56bfc062723c751e8b465ee728b)
Start importing Assets/Scenes/SampleScene.unity using Guid(9fc0d4010bbf28b4594072e72b8655ab) Importer(815301076,1909f56bfc062723c751e8b465ee728b)  -> (artifact id: '94c55409359c0051422e58de30b0573d') in 0.009494 seconds 
========================================================================
Received Import Request.
  Time since last request: 2.320207 seconds.
  path: Packages/com.tuyoogame.yooasset/Editor
  artifactKey: Guid(ac093515ae764b94aa07be91d4ba978b) Importer(815301076,1909f56bfc062723c751e8b465ee728b)
Start importing Packages/com.tuyoogame.yooasset/Editor using Guid(ac093515ae764b94aa07be91d4ba978b) Importer(815301076,1909f56bfc062723c751e8b465ee728b)  -> (artifact id: '742af17b4f026a02fd2d0f90c426da68') in 0.008932 seconds 
========================================================================
Received Import Request.
  Time since last request: 1.072695 seconds.
  path: Packages/com.tuyoogame.yooasset/Editor/EditorDefine.cs
  artifactKey: Guid(e33ff61240a851e4fbaea71d01a460cd) Importer(815301076,1909f56bfc062723c751e8b465ee728b)
Start importing Packages/com.tuyoogame.yooasset/Editor/EditorDefine.cs using Guid(e33ff61240a851e4fbaea71d01a460cd) Importer(815301076,1909f56bfc062723c751e8b465ee728b)  -> (artifact id: '01c25fde9aad739d39ae4542a98cf89a') in 0.041127 seconds 
========================================================================
Received Import Request.
  Time since last request: 534.368156 seconds.
  path: Assets/Resources
  artifactKey: Guid(0ccbecf8db9556e458bb1b38648b2d54) Importer(815301076,1909f56bfc062723c751e8b465ee728b)
Start importing Assets/Resources using Guid(0ccbecf8db9556e458bb1b38648b2d54) Importer(815301076,1909f56bfc062723c751e8b465ee728b)  -> (artifact id: '4eea863dfb041867be12ee50035aee96') in 0.009729 seconds 
========================================================================
Received Import Request.
  Time since last request: 42.592391 seconds.
  path: Assets/Resources/YooAssetSettings.asset
  artifactKey: Guid(593254af10cc7014d94603ce69fe33f2) Importer(815301076,1909f56bfc062723c751e8b465ee728b)
Start importing Assets/Resources/YooAssetSettings.asset using Guid(593254af10cc7014d94603ce69fe33f2) Importer(815301076,1909f56bfc062723c751e8b465ee728b)  -> (artifact id: 'ae388fa5ece1e8c2255bbb00a48ed415') in 0.023474 seconds 
========================================================================
Received Import Request.
  Time since last request: 198.924762 seconds.
  path: Assets/Samples/YooAsset/1.4.12/Space Shooter
  artifactKey: Guid(3dd92689fb677964b916ad2beea6fbb7) Importer(815301076,1909f56bfc062723c751e8b465ee728b)
Start importing Assets/Samples/YooAsset/1.4.12/Space Shooter using Guid(3dd92689fb677964b916ad2beea6fbb7) Importer(815301076,1909f56bfc062723c751e8b465ee728b)  -> (artifact id: 'bb5e2e5d8e4f4f0516e82edbf2d1473c') in 0.011957 seconds 
========================================================================
Received Prepare
Registering precompiled user dll's ...
Registered in 0.002610 seconds.
Begin MonoManager ReloadAssembly
Symbol file LoadedFromMemory doesn't match image C:\Github\assetbundle_study\demo\Library\PackageCache\com.unity.collab-proxy@1.15.15\Lib\Editor\PlasticSCM\unityplastic.dll
Native extension for WindowsStandalone target not found
Refreshing native plugins compatible for Editor in 0.36 ms, found 2 plugins.
Preloading 0 native plugins for Editor in 0.00 ms.
Mono: successfully reloaded assembly
- Completed reload, in  0.961 seconds
Domain Reload Profiling:
	ReloadAssembly (962ms)
		BeginReloadAssembly (118ms)
			ExecutionOrderSort (0ms)
			DisableScriptedObjects (5ms)
			BackupInstance (0ms)
			ReleaseScriptingObjects (0ms)
			CreateAndSetChildDomain (35ms)
		EndReloadAssembly (785ms)
			LoadAssemblies (91ms)
			RebuildTransferFunctionScriptingTraits (0ms)
			SetupTypeCache (273ms)
			ReleaseScriptCaches (1ms)
			RebuildScriptCaches (47ms)
			SetupLoadedEditorAssemblies (288ms)
				LogAssemblyErrors (0ms)
				InitializePlatformSupportModulesInManaged (5ms)
				SetLoadedEditorAssemblies (0ms)
				RefreshPlugins (1ms)
				BeforeProcessingInitializeOnLoad (94ms)
				ProcessInitializeOnLoadAttributes (173ms)
				ProcessInitializeOnLoadMethodAttributes (9ms)
				AfterProcessingInitializeOnLoad (6ms)
				EditorAssembliesLoaded (0ms)
			ExecutionOrderSort2 (0ms)
			AwakeInstancesAfterBackupRestoration (5ms)
Platform modules already initialized, skipping
Refreshing native plugins compatible for Editor in 0.37 ms, found 2 plugins.
Preloading 0 native plugins for Editor in 0.00 ms.
Unloading 1907 Unused Serialized files (Serialized files now loaded: 0)
System memory in use before: 82.8 MB.
System memory in use after: 82.7 MB.

Unloading 14 unused Assets to reduce memory usage. Loaded Objects now: 2349.
Total: 2.511900 ms (FindLiveObjects: 0.149600 ms CreateObjectMapping: 0.069300 ms MarkObjects: 2.169600 ms  DeleteObjects: 0.122200 ms)

AssetImportParameters requested are different than current active one (requested -> active):
  custom:framework-win-MediaFoundation: 216162199b28c13a410421893ffa2e32 -> 
  custom:video-decoder-ogg-theora: a1e56fd34408186e4bbccfd4996cb3dc -> 
  custom:container-muxer-webm: aa71ff27fc2769a1b78a27578f13a17b -> 
  custom:container-demuxer-webm: 4f35f7cbe854078d1ac9338744f61a02 -> 
  custom:container-demuxer-ogg: 62fdf1f143b41e24485cea50d1cbac27 -> 
  custom:video-encoder-webm-vp8: eb34c28f22e8b96e1ab97ce403110664 -> 
  custom:video-decoder-webm-vp8: 9c59270c3fd7afecdb556c50c9e8de78 -> 
  custom:audio-decoder-ogg-vorbis: bf7c407c2cedff20999df2af8eb42d56 -> 
  custom:audio-encoder-webm-vorbis: bf7c407c2cedff20999df2af8eb42d56 -> 
========================================================================
Received Import Request.
  Time since last request: 25.759063 seconds.
  path: Assets/Samples/YooAsset/1.4.12/Space Shooter/Boot.unity
  artifactKey: Guid(6b1257a813f582f4e99e513697c6f3f9) Importer(815301076,1909f56bfc062723c751e8b465ee728b)
Start importing Assets/Samples/YooAsset/1.4.12/Space Shooter/Boot.unity using Guid(6b1257a813f582f4e99e513697c6f3f9) Importer(815301076,1909f56bfc062723c751e8b465ee728b)  -> (artifact id: '111f0a68ad550f6ca171c722e02a9964') in 0.011152 seconds 
========================================================================
Received Import Request.
  Time since last request: 142.391194 seconds.
  path: Assets/Samples/YooAsset/1.4.12/Space Shooter/GameRes
  artifactKey: Guid(5a3e7ee49993eb743836caef72b949ce) Importer(815301076,1909f56bfc062723c751e8b465ee728b)
Start importing Assets/Samples/YooAsset/1.4.12/Space Shooter/GameRes using Guid(5a3e7ee49993eb743836caef72b949ce) Importer(815301076,1909f56bfc062723c751e8b465ee728b)  -> (artifact id: '9f9860c4013a602f1a3574a868c0adab') in 0.007861 seconds 
========================================================================
Received Import Request.
  Time since last request: 17.526147 seconds.
  path: Assets/Samples/YooAsset/1.4.12/Space Shooter/GameRes/Scene
  artifactKey: Guid(6070eae1192f2994887f2983a177d503) Importer(815301076,1909f56bfc062723c751e8b465ee728b)
Start importing Assets/Samples/YooAsset/1.4.12/Space Shooter/GameRes/Scene using Guid(6070eae1192f2994887f2983a177d503) Importer(815301076,1909f56bfc062723c751e8b465ee728b)  -> (artifact id: '1b3a0041ade37c765382ff44e2d30d43') in 0.007516 seconds 
========================================================================
Received Import Request.
  Time since last request: 8.916131 seconds.
  path: Assets/Samples/YooAsset/1.4.12/Space Shooter/ThirdParty
  artifactKey: Guid(af3998ac960c12c419cbfdb0df4c4f20) Importer(815301076,1909f56bfc062723c751e8b465ee728b)
Start importing Assets/Samples/YooAsset/1.4.12/Space Shooter/ThirdParty using Guid(af3998ac960c12c419cbfdb0df4c4f20) Importer(815301076,1909f56bfc062723c751e8b465ee728b)  -> (artifact id: 'b337c9936f1096ed20c6f5503fa1f21c') in 0.009971 seconds 
========================================================================
Received Import Request.
  Time since last request: 62.531840 seconds.
  path: Assets/Samples/YooAsset/1.4.12/Space Shooter/Resources/YooAssetSettings.asset
  artifactKey: Guid(14eb3f660b9d6ba4eb3b669b94ac4886) Importer(815301076,1909f56bfc062723c751e8b465ee728b)
Start importing Assets/Samples/YooAsset/1.4.12/Space Shooter/Resources/YooAssetSettings.asset using Guid(14eb3f660b9d6ba4eb3b669b94ac4886) Importer(815301076,1909f56bfc062723c751e8b465ee728b)  -> (artifact id: 'b9c0e318edff2108b3ffa0185a49dc51') in 0.013923 seconds 
========================================================================
Received Import Request.
  Time since last request: 443.690181 seconds.
  path: Assets/Samples/YooAsset/1.4.12/Space Shooter/Resources
  artifactKey: Guid(9aad929587001754ea117984bb4251de) Importer(815301076,1909f56bfc062723c751e8b465ee728b)
Start importing Assets/Samples/YooAsset/1.4.12/Space Shooter/Resources using Guid(9aad929587001754ea117984bb4251de) Importer(815301076,1909f56bfc062723c751e8b465ee728b)  -> (artifact id: '7c1ac15c059f7d6fb0ad31e3c22febd6') in 0.005719 seconds 
========================================================================
Received Import Request.
  Time since last request: 3.160742 seconds.
  path: Assets/Samples/YooAsset/1.4.12/Space Shooter/Resources/YooAssetSettings 1.asset
  artifactKey: Guid(f6d33919c8f8fed499ab505fbedfd910) Importer(815301076,1909f56bfc062723c751e8b465ee728b)
Start importing Assets/Samples/YooAsset/1.4.12/Space Shooter/Resources/YooAssetSettings 1.asset using Guid(f6d33919c8f8fed499ab505fbedfd910) Importer(815301076,1909f56bfc062723c751e8b465ee728b)  -> (artifact id: '126da5ff5af16a9f9960c1fce0cb2552') in 0.009385 seconds 
========================================================================
Received Import Request.
  Time since last request: 140.358010 seconds.
  path: Assets/Samples/YooAsset/1.4.12/Space Shooter/GameRes/Effect
  artifactKey: Guid(80d76514758554baaa96a9efffe9f3ef) Importer(815301076,1909f56bfc062723c751e8b465ee728b)
Start importing Assets/Samples/YooAsset/1.4.12/Space Shooter/GameRes/Effect using Guid(80d76514758554baaa96a9efffe9f3ef) Importer(815301076,1909f56bfc062723c751e8b465ee728b)  -> (artifact id: '16c1534ce4719a7643176ca1455440a1') in 0.011063 seconds 
========================================================================
Received Import Request.
  Time since last request: 0.748221 seconds.
  path: Assets/Samples/YooAsset/1.4.12/Space Shooter/GameRes/Effect/Engines
  artifactKey: Guid(27267307e339645e08d812c2bd97702c) Importer(815301076,1909f56bfc062723c751e8b465ee728b)
Start importing Assets/Samples/YooAsset/1.4.12/Space Shooter/GameRes/Effect/Engines using Guid(27267307e339645e08d812c2bd97702c) Importer(815301076,1909f56bfc062723c751e8b465ee728b)  -> (artifact id: '0e2f0070822a758bc6c65852e76cd0fd') in 0.010861 seconds 
========================================================================
Received Import Request.
  Time since last request: 8.842228 seconds.
  path: Assets/Samples/YooAsset/1.4.12/Space Shooter/GameRes/Effect/Explosions
  artifactKey: Guid(a8421d374f00145d485dad8f07fdde7e) Importer(815301076,1909f56bfc062723c751e8b465ee728b)
Start importing Assets/Samples/YooAsset/1.4.12/Space Shooter/GameRes/Effect/Explosions using Guid(a8421d374f00145d485dad8f07fdde7e) Importer(815301076,1909f56bfc062723c751e8b465ee728b)  -> (artifact id: '258574a68543c35bb40e7fb7bf004f5a') in 0.007792 seconds 
========================================================================
Received Import Request.
  Time since last request: 5.880810 seconds.
  path: Assets/Samples/YooAsset/1.4.12/Space Shooter/GameRes/Effect/Engines/engines_enemy.prefab
  artifactKey: Guid(93bdcaae53f95461785a8eeb8c01bc61) Importer(815301076,1909f56bfc062723c751e8b465ee728b)
Start importing Assets/Samples/YooAsset/1.4.12/Space Shooter/GameRes/Effect/Engines/engines_enemy.prefab using Guid(93bdcaae53f95461785a8eeb8c01bc61) Importer(815301076,1909f56bfc062723c751e8b465ee728b)  -> (artifact id: 'd43d92af92cf8974a28e64cc24d4fce0') in 0.122094 seconds 
========================================================================
Received Import Request.
  Time since last request: 0.000342 seconds.
  path: Assets/Samples/YooAsset/1.4.12/Space Shooter/GameArt/Effect/fx_enemyShip_engines_mat.mat
  artifactKey: Guid(1b4bad6cea5a94611b21f9757fe41444) Importer(815301076,1909f56bfc062723c751e8b465ee728b)
Start importing Assets/Samples/YooAsset/1.4.12/Space Shooter/GameArt/Effect/fx_enemyShip_engines_mat.mat using Guid(1b4bad6cea5a94611b21f9757fe41444) Importer(815301076,1909f56bfc062723c751e8b465ee728b)  -> (artifact id: '0dca2b6bb99b3fc0312a26bb9ac20b5e') in 0.041148 seconds 
========================================================================
Received Import Request.
  Time since last request: 5.402580 seconds.
  path: Assets/Samples/YooAsset/1.4.12/Space Shooter/GameRes/Effect/Engines/engines_player.prefab
  artifactKey: Guid(62ea8a5ca94c546f29ba6dea8f379a7b) Importer(815301076,1909f56bfc062723c751e8b465ee728b)
Start importing Assets/Samples/YooAsset/1.4.12/Space Shooter/GameRes/Effect/Engines/engines_player.prefab using Guid(62ea8a5ca94c546f29ba6dea8f379a7b) Importer(815301076,1909f56bfc062723c751e8b465ee728b)  -> (artifact id: '58ba2838fb4aa0388b14d217069c46a4') in 0.021613 seconds 
========================================================================
Received Prepare
Registering precompiled user dll's ...
Registered in 0.002673 seconds.
Begin MonoManager ReloadAssembly
Symbol file LoadedFromMemory doesn't match image C:\Github\assetbundle_study\demo\Library\PackageCache\com.unity.collab-proxy@1.15.15\Lib\Editor\PlasticSCM\unityplastic.dll
Native extension for WindowsStandalone target not found
Refreshing native plugins compatible for Editor in 0.35 ms, found 2 plugins.
Preloading 0 native plugins for Editor in 0.00 ms.
Mono: successfully reloaded assembly
- Completed reload, in  0.949 seconds
Domain Reload Profiling:
	ReloadAssembly (949ms)
		BeginReloadAssembly (113ms)
			ExecutionOrderSort (0ms)
			DisableScriptedObjects (4ms)
			BackupInstance (0ms)
			ReleaseScriptingObjects (0ms)
			CreateAndSetChildDomain (33ms)
		EndReloadAssembly (778ms)
			LoadAssemblies (97ms)
			RebuildTransferFunctionScriptingTraits (0ms)
			SetupTypeCache (255ms)
			ReleaseScriptCaches (1ms)
			RebuildScriptCaches (45ms)
			SetupLoadedEditorAssemblies (298ms)
				LogAssemblyErrors (0ms)
				InitializePlatformSupportModulesInManaged (5ms)
				SetLoadedEditorAssemblies (0ms)
				RefreshPlugins (1ms)
				BeforeProcessingInitializeOnLoad (99ms)
				ProcessInitializeOnLoadAttributes (177ms)
				ProcessInitializeOnLoadMethodAttributes (9ms)
				AfterProcessingInitializeOnLoad (6ms)
				EditorAssembliesLoaded (0ms)
			ExecutionOrderSort2 (0ms)
			AwakeInstancesAfterBackupRestoration (5ms)
Platform modules already initialized, skipping
Refreshing native plugins compatible for Editor in 0.36 ms, found 2 plugins.
Preloading 0 native plugins for Editor in 0.00 ms.
Unloading 1907 Unused Serialized files (Serialized files now loaded: 0)
System memory in use before: 86.4 MB.
System memory in use after: 86.3 MB.

Unloading 14 unused Assets to reduce memory usage. Loaded Objects now: 2394.
Total: 2.643400 ms (FindLiveObjects: 0.145400 ms CreateObjectMapping: 0.064200 ms MarkObjects: 2.314800 ms  DeleteObjects: 0.118200 ms)

AssetImportParameters requested are different than current active one (requested -> active):
  custom:framework-win-MediaFoundation: 216162199b28c13a410421893ffa2e32 -> 
  custom:video-decoder-ogg-theora: a1e56fd34408186e4bbccfd4996cb3dc -> 
  custom:container-muxer-webm: aa71ff27fc2769a1b78a27578f13a17b -> 
  custom:container-demuxer-webm: 4f35f7cbe854078d1ac9338744f61a02 -> 
  custom:container-demuxer-ogg: 62fdf1f143b41e24485cea50d1cbac27 -> 
  custom:video-encoder-webm-vp8: eb34c28f22e8b96e1ab97ce403110664 -> 
  custom:video-decoder-webm-vp8: 9c59270c3fd7afecdb556c50c9e8de78 -> 
  custom:audio-decoder-ogg-vorbis: bf7c407c2cedff20999df2af8eb42d56 -> 
  custom:audio-encoder-webm-vorbis: bf7c407c2cedff20999df2af8eb42d56 -> 
AssetImportWorkerClient::OnTransportError - code=2 error=End of file
